<?xml version="1.0" encoding="UTF-8"?>
<!-- Generated by org.testng.reporters.JUnitXMLReporter -->
<testsuite hostname="THAOLEP" ignored="0" name="Default test" tests="5" failures="0" timestamp="2019-10-04T20:07:59 ICT" time="33.167" errors="0">
  <testcase name="Login" time="5.214" classname="CRM.CRM"/>
  <testcase name="addcampaign" time="3.228" classname="CRM.CRM"/>
  <testcase name="createProduct" time="1.279" classname="CRM.CRM"/>
  <testcase name="SearchProduct" time="0.66" classname="CRM.CRM"/>
  <testcase name="EditProduct" time="6.249" classname="CRM.CRM"/>
</testsuite> <!-- Default test -->
